0 info it worked if it ends with ok
1 verbose cli [ 'node', '/usr/local/bin/npm', 'install', 'ionic-cli' ]
2 info using npm@1.4.28
3 info using node@v0.10.32
4 verbose readDependencies using package.json deps
5 verbose cache add [ 'ionic-cli', null ]
6 verbose cache add name=undefined spec="ionic-cli" args=["ionic-cli",null]
7 verbose parsed url { protocol: null,
7 verbose parsed url   slashes: null,
7 verbose parsed url   auth: null,
7 verbose parsed url   host: null,
7 verbose parsed url   port: null,
7 verbose parsed url   hostname: null,
7 verbose parsed url   hash: null,
7 verbose parsed url   search: null,
7 verbose parsed url   query: null,
7 verbose parsed url   pathname: 'ionic-cli',
7 verbose parsed url   path: 'ionic-cli',
7 verbose parsed url   href: 'ionic-cli' }
8 silly lockFile 38b391fe-ionic-cli ionic-cli
9 verbose lock ionic-cli /Users/felipebatista/.npm/38b391fe-ionic-cli.lock
10 silly lockFile 38b391fe-ionic-cli ionic-cli
11 silly lockFile 38b391fe-ionic-cli ionic-cli
12 verbose addNamed [ 'ionic-cli', '' ]
13 verbose addNamed [ null, '*' ]
14 silly lockFile 2185beda-ionic-cli ionic-cli@
15 verbose lock ionic-cli@ /Users/felipebatista/.npm/2185beda-ionic-cli.lock
16 silly addNameRange { name: 'ionic-cli', range: '*', hasData: false }
17 verbose request where is /ionic-cli
18 verbose request registry https://registry.npmjs.org/
19 verbose request id d93014845195b7f8
20 verbose url raw /ionic-cli
21 verbose url resolving [ 'https://registry.npmjs.org/', './ionic-cli' ]
22 verbose url resolved https://registry.npmjs.org/ionic-cli
23 verbose request where is https://registry.npmjs.org/ionic-cli
24 info trying registry request attempt 1 at 11:05:04
25 http GET https://registry.npmjs.org/ionic-cli
26 http 404 https://registry.npmjs.org/ionic-cli
27 verbose headers { date: 'Thu, 16 Oct 2014 18:05:06 GMT',
27 verbose headers   server: 'CouchDB/1.5.0 (Erlang OTP/R16B03)',
27 verbose headers   'content-type': 'application/json',
27 verbose headers   'cache-control': 'max-age=0',
27 verbose headers   'content-length': '52',
27 verbose headers   'accept-ranges': 'bytes',
27 verbose headers   via: '1.1 varnish',
27 verbose headers   age: '0',
27 verbose headers   'x-served-by': 'cache-sjc3131-SJC',
27 verbose headers   'x-cache': 'MISS',
27 verbose headers   'x-cache-hits': '0',
27 verbose headers   'x-timer': 'S1413482705.873326,VS0,VE350',
27 verbose headers   'keep-alive': 'timeout=10, max=50',
27 verbose headers   connection: 'Keep-Alive' }
28 silly registry.get cb [ 404,
28 silly registry.get   { date: 'Thu, 16 Oct 2014 18:05:06 GMT',
28 silly registry.get     server: 'CouchDB/1.5.0 (Erlang OTP/R16B03)',
28 silly registry.get     'content-type': 'application/json',
28 silly registry.get     'cache-control': 'max-age=0',
28 silly registry.get     'content-length': '52',
28 silly registry.get     'accept-ranges': 'bytes',
28 silly registry.get     via: '1.1 varnish',
28 silly registry.get     age: '0',
28 silly registry.get     'x-served-by': 'cache-sjc3131-SJC',
28 silly registry.get     'x-cache': 'MISS',
28 silly registry.get     'x-cache-hits': '0',
28 silly registry.get     'x-timer': 'S1413482705.873326,VS0,VE350',
28 silly registry.get     'keep-alive': 'timeout=10, max=50',
28 silly registry.get     connection: 'Keep-Alive' } ]
29 silly lockFile 2185beda-ionic-cli ionic-cli@
30 silly lockFile 2185beda-ionic-cli ionic-cli@
31 error 404 404 Not Found: ionic-cli
31 error 404
31 error 404 'ionic-cli' is not in the npm registry.
31 error 404 You should bug the author to publish it
31 error 404 It was specified as a dependency of 'ApptEyes'
31 error 404
31 error 404 Note that you can also install from a
31 error 404 tarball, folder, or http url, or git url.
32 error System Darwin 13.4.0
33 error command "node" "/usr/local/bin/npm" "install" "ionic-cli"
34 error cwd /Users/felipebatista/Desktop/ApptEyes
35 error node -v v0.10.32
36 error npm -v 1.4.28
37 error code E404
38 verbose exit [ 1, true ]
